<?xml version="1.0" encoding="UTF-8"?>
<testsuite xmlns:xsi="http://www.w3.org/2001/XMLSchema-instance" xsi:noNamespaceSchemaLocation="https://maven.apache.org/surefire/maven-surefire-plugin/xsd/surefire-test-report.xsd" version="3.0.2" name="com.deliverytech.delivery.controllers.ClienteControllerTest" time="10.414" tests="8" errors="0" skipped="0" failures="6">
  <properties>
[...]
</properties>
  <testcase name="testBuscarClienteInexistente" classname="com.deliverytech.delivery.controllers.ClienteControllerTest" time="3.054">
    <failure message="Status expected:&lt;404&gt; but was:&lt;500&gt;" type="java.lang.AssertionError"><![CDATA[java.lang.AssertionError: Status expected:<404> but was:<500>
	at org.springframework.test.util.AssertionErrors.fail(AssertionErrors.java:61)
	at org.springframework.test.util.AssertionErrors.assertEquals(AssertionErrors.java:128)
	at org.springframework.test.web.servlet.result.StatusResultMatchers.lambda$matcher$9(StatusResultMatchers.java:640)
	at org.springframework.test.web.servlet.MockMvc$1.andExpect(MockMvc.java:214)
	at com.deliverytech.delivery.controllers.ClienteControllerTest.testBuscarClienteInexistente(ClienteControllerTest.java:121)
	at java.base/java.lang.reflect.Method.invoke(Method.java:565)
	at java.base/java.util.ArrayList.forEach(ArrayList.java:1604)
	at java.base/java.util.ArrayList.forEach(ArrayList.java:1604)
]]></failure>
    <system-out><![CDATA[08:48:14.569 [main] INFO org.springframework.test.context.support.AnnotationConfigContextLoaderUtils -- Could not detect default configuration classes for test class [com.deliverytech.delivery.controllers.ClienteControllerTest]: ClienteControllerTest does not declare any static, non-private, non-final, nested classes annotated with @Configuration.
08:48:14.727 [main] INFO org.springframework.boot.test.context.SpringBootTestContextBootstrapper -- Found @SpringBootConfiguration com.deliverytech.delivery.DeliveryApplication for test class com.deliverytech.delivery.controllers.ClienteControllerTest
08:48:14.869 [main] INFO org.springframework.boot.devtools.restart.RestartApplicationListener -- Restart disabled due to context in which it is running

  .   ____          _            __ _ _
 /\\ / ___'_ __ _ _(_)_ __  __ _ \ \ \ \
( ( )\___ | '_ | '_| | '_ \/ _` | \ \ \ \
 \\/  ___)| |_)| | | | | || (_| |  ) ) ) )
  '  |____| .__|_| |_|_| |_\__, | / / / /
 =========|_|==============|___/=/_/_/_/

 :: Spring Boot ::                (v3.5.5)

2025-09-12T08:48:15.144-03:00  INFO 7996 --- [delivery] [           main] c.d.d.controllers.ClienteControllerTest  : Starting ClienteControllerTest using Java 24.0.2 with PID 7996 (started by Catziinx in C:\Users\User\Documents\delivery-api-jacrb)
2025-09-12T08:48:15.144-03:00 DEBUG 7996 --- [delivery] [           main] c.d.d.controllers.ClienteControllerTest  : Running with Spring Boot v3.5.5, Spring v6.2.10
2025-09-12T08:48:15.145-03:00  INFO 7996 --- [delivery] [           main] c.d.d.controllers.ClienteControllerTest  : The following 1 profile is active: "test"
2025-09-12T08:48:15.159-03:00 DEBUG 7996 --- [delivery] [           main] o.s.w.c.s.GenericWebApplicationContext   : Refreshing org.springframework.web.context.support.GenericWebApplicationContext@3bc735b3
2025-09-12T08:48:16.142-03:00  INFO 7996 --- [delivery] [           main] .s.d.r.c.RepositoryConfigurationDelegate : Multiple Spring Data modules found, entering strict repository configuration mode
2025-09-12T08:48:16.144-03:00  INFO 7996 --- [delivery] [           main] .s.d.r.c.RepositoryConfigurationDelegate : Bootstrapping Spring Data JPA repositories in DEFAULT mode.
2025-09-12T08:48:16.306-03:00  INFO 7996 --- [delivery] [           main] .s.d.r.c.RepositoryConfigurationDelegate : Finished Spring Data repository scanning in 153 ms. Found 5 JPA repository interfaces.
2025-09-12T08:48:16.322-03:00  INFO 7996 --- [delivery] [           main] .s.d.r.c.RepositoryConfigurationDelegate : Multiple Spring Data modules found, entering strict repository configuration mode
2025-09-12T08:48:16.324-03:00  INFO 7996 --- [delivery] [           main] .s.d.r.c.RepositoryConfigurationDelegate : Bootstrapping Spring Data Redis repositories in DEFAULT mode.
2025-09-12T08:48:16.338-03:00  INFO 7996 --- [delivery] [           main] .RepositoryConfigurationExtensionSupport : Spring Data Redis - Could not safely identify store assignment for repository candidate interface com.deliverytech.delivery.repository.ClienteRepository; If you want this repository to be a Redis repository, consider annotating your entities with one of these annotations: org.springframework.data.redis.core.RedisHash (preferred), or consider extending one of the following types with your repository: org.springframework.data.keyvalue.repository.KeyValueRepository
2025-09-12T08:48:16.338-03:00  INFO 7996 --- [delivery] [           main] .RepositoryConfigurationExtensionSupport : Spring Data Redis - Could not safely identify store assignment for repository candidate interface com.deliverytech.delivery.repository.PedidoRepository; If you want this repository to be a Redis repository, consider annotating your entities with one of these annotations: org.springframework.data.redis.core.RedisHash (preferred), or consider extending one of the following types with your repository: org.springframework.data.keyvalue.repository.KeyValueRepository
2025-09-12T08:48:16.338-03:00  INFO 7996 --- [delivery] [           main] .RepositoryConfigurationExtensionSupport : Spring Data Redis - Could not safely identify store assignment for repository candidate interface com.deliverytech.delivery.repository.ProdutoRepository; If you want this repository to be a Redis repository, consider annotating your entities with one of these annotations: org.springframework.data.redis.core.RedisHash (preferred), or consider extending one of the following types with your repository: org.springframework.data.keyvalue.repository.KeyValueRepository
2025-09-12T08:48:16.339-03:00  INFO 7996 --- [delivery] [           main] .RepositoryConfigurationExtensionSupport : Spring Data Redis - Could not safely identify store assignment for repository candidate interface com.deliverytech.delivery.repository.RestauranteRepository; If you want this repository to be a Redis repository, consider annotating your entities with one of these annotations: org.springframework.data.redis.core.RedisHash (preferred), or consider extending one of the following types with your repository: org.springframework.data.keyvalue.repository.KeyValueRepository
2025-09-12T08:48:16.339-03:00  INFO 7996 --- [delivery] [           main] .RepositoryConfigurationExtensionSupport : Spring Data Redis - Could not safely identify store assignment for repository candidate interface com.deliverytech.delivery.repository.UsuarioRepository; If you want this repository to be a Redis repository, consider annotating your entities with one of these annotations: org.springframework.data.redis.core.RedisHash (preferred), or consider extending one of the following types with your repository: org.springframework.data.keyvalue.repository.KeyValueRepository
2025-09-12T08:48:16.339-03:00  INFO 7996 --- [delivery] [           main] .s.d.r.c.RepositoryConfigurationDelegate : Finished Spring Data repository scanning in 7 ms. Found 0 Redis repository interfaces.
2025-09-12T08:48:17.218-03:00  INFO 7996 --- [delivery] [           main] o.hibernate.jpa.internal.util.LogHelper  : HHH000204: Processing PersistenceUnitInfo [name: default]
2025-09-12T08:48:17.267-03:00  INFO 7996 --- [delivery] [           main] org.hibernate.Version                    : HHH000412: Hibernate ORM core version 6.6.26.Final
2025-09-12T08:48:17.296-03:00  INFO 7996 --- [delivery] [           main] o.h.c.internal.RegionFactoryInitiator    : HHH000026: Second-level cache disabled
2025-09-12T08:48:17.432-03:00  INFO 7996 --- [delivery] [           main] o.s.o.j.p.SpringPersistenceUnitInfo      : No LoadTimeWeaver setup: ignoring JPA class transformer
2025-09-12T08:48:17.463-03:00  INFO 7996 --- [delivery] [           main] com.zaxxer.hikari.HikariDataSource       : HikariPool-1 - Starting...
2025-09-12T08:48:17.592-03:00  INFO 7996 --- [delivery] [           main] com.zaxxer.hikari.pool.HikariPool        : HikariPool-1 - Added connection conn0: url=jdbc:h2:mem:deliverydb user=SA
2025-09-12T08:48:17.593-03:00  INFO 7996 --- [delivery] [           main] com.zaxxer.hikari.HikariDataSource       : HikariPool-1 - Start completed.
2025-09-12T08:48:17.611-03:00  WARN 7996 --- [delivery] [           main] org.hibernate.orm.deprecation            : HHH90000025: H2Dialect does not need to be specified explicitly using 'hibernate.dialect' (remove the property setting and it will be selected by default)
2025-09-12T08:48:17.628-03:00  INFO 7996 --- [delivery] [           main] org.hibernate.orm.connections.pooling    : HHH10001005: Database info:
	Database JDBC URL [Connecting through datasource 'HikariDataSource (HikariPool-1)']
	Database driver: undefined/unknown
	Database version: 2.3.232
	Autocommit mode: undefined/unknown
	Isolation level: undefined/unknown
	Minimum pool size: undefined/unknown
	Maximum pool size: undefined/unknown
2025-09-12T08:48:18.294-03:00  INFO 7996 --- [delivery] [           main] o.h.e.t.j.p.i.JtaPlatformInitiator       : HHH000489: No JTA platform available (set 'hibernate.transaction.jta.platform' to enable JTA platform integration)
2025-09-12T08:48:18.334-03:00 DEBUG 7996 --- [delivery] [           main] org.hibernate.SQL                        : 
    create table clientes (
        id bigint generated by default as identity,
        ativo boolean,
        data_criacao timestamp(6),
        email varchar(255),
        bairro varchar(255),
        cep varchar(255),
        cidade varchar(255),
        estado varchar(255),
        numero varchar(255),
        observacao varchar(255),
        referencia varchar(255),
        rua varchar(255),
        nome varchar(255),
        primary key (id)
    )
Hibernate: 
    create table clientes (
        id bigint generated by default as identity,
        ativo boolean,
        data_criacao timestamp(6),
        email varchar(255),
        bairro varchar(255),
        cep varchar(255),
        cidade varchar(255),
        estado varchar(255),
        numero varchar(255),
        observacao varchar(255),
        referencia varchar(255),
        rua varchar(255),
        nome varchar(255),
        primary key (id)
    )
2025-09-12T08:48:18.351-03:00 DEBUG 7996 --- [delivery] [           main] org.hibernate.SQL                        : 
    create table item_pedido (
        id bigint generated by default as identity,
        preco_unitario numeric(38,2),
        quantidade integer,
        pedido_id bigint,
        produto_id bigint,
        primary key (id)
    )
Hibernate: 
    create table item_pedido (
        id bigint generated by default as identity,
        preco_unitario numeric(38,2),
        quantidade integer,
        pedido_id bigint,
        produto_id bigint,
        primary key (id)
    )
2025-09-12T08:48:18.352-03:00 DEBUG 7996 --- [delivery] [           main] org.hibernate.SQL                        : 
    create table pedido (
        id bigint generated by default as identity,
        data_pedido timestamp(6),
        bairro varchar(255),
        cep varchar(255),
        cidade varchar(255),
        estado varchar(255),
        numero varchar(255),
        observacao varchar(255),
        referencia varchar(255),
        rua varchar(255),
        status enum ('CANCELADO','CONFIRMADO','CRIADO','EM_PREPARACAO','ENTREGUE','ENVIADO'),
        total numeric(38,2),
        cliente_id bigint,
        restaurante_id bigint,
        primary key (id)
    )
Hibernate: 
    create table pedido (
        id bigint generated by default as identity,
        data_pedido timestamp(6),
        bairro varchar(255),
        cep varchar(255),
        cidade varchar(255),
        estado varchar(255),
        numero varchar(255),
        observacao varchar(255),
        referencia varchar(255),
        rua varchar(255),
        status enum ('CANCELADO','CONFIRMADO','CRIADO','EM_PREPARACAO','ENTREGUE','ENVIADO'),
        total numeric(38,2),
        cliente_id bigint,
        restaurante_id bigint,
        primary key (id)
    )
2025-09-12T08:48:18.354-03:00 DEBUG 7996 --- [delivery] [           main] org.hibernate.SQL                        : 
    create table produto (
        id bigint generated by default as identity,
        categoria varchar(255),
        descricao varchar(255),
        disponivel boolean,
        nome varchar(255),
        preco numeric(38,2),
        restaurante_id bigint,
        primary key (id)
    )
Hibernate: 
    create table produto (
        id bigint generated by default as identity,
        categoria varchar(255),
        descricao varchar(255),
        disponivel boolean,
        nome varchar(255),
        preco numeric(38,2),
        restaurante_id bigint,
        primary key (id)
    )
2025-09-12T08:48:18.355-03:00 DEBUG 7996 --- [delivery] [           main] org.hibernate.SQL                        : 
    create table restaurante (
        id bigint generated by default as identity,
        ativo boolean,
        categoria varchar(255),
        nome varchar(255),
        taxa_entrega numeric(38,2),
        telefone varchar(255),
        tempo_entrega_minutos integer not null,
        primary key (id)
    )
Hibernate: 
    create table restaurante (
        id bigint generated by default as identity,
        ativo boolean,
        categoria varchar(255),
        nome varchar(255),
        taxa_entrega numeric(38,2),
        telefone varchar(255),
        tempo_entrega_minutos integer not null,
        primary key (id)
    )
2025-09-12T08:48:18.356-03:00 DEBUG 7996 --- [delivery] [           main] org.hibernate.SQL                        : 
    create table usuarios (
        id bigint generated by default as identity,
        ativo boolean,
        data_criacao timestamp(6),
        email varchar(255),
        nome varchar(255),
        restaurante_id bigint,
        role enum ('ADMIN','CLIENTE','ENTREGADOR','RESTAURANTE'),
        senha varchar(255),
        primary key (id)
    )
Hibernate: 
    create table usuarios (
        id bigint generated by default as identity,
        ativo boolean,
        data_criacao timestamp(6),
        email varchar(255),
        nome varchar(255),
        restaurante_id bigint,
        role enum ('ADMIN','CLIENTE','ENTREGADOR','RESTAURANTE'),
        senha varchar(255),
        primary key (id)
    )
2025-09-12T08:48:18.356-03:00 DEBUG 7996 --- [delivery] [           main] org.hibernate.SQL                        : 
    alter table if exists clientes 
       drop constraint if exists UK1c96wv36rk2hwui7qhjks3mvg
Hibernate: 
    alter table if exists clientes 
       drop constraint if exists UK1c96wv36rk2hwui7qhjks3mvg
2025-09-12T08:48:18.357-03:00 DEBUG 7996 --- [delivery] [           main] org.hibernate.SQL                        : 
    alter table if exists clientes 
       add constraint UK1c96wv36rk2hwui7qhjks3mvg unique (email)
Hibernate: 
    alter table if exists clientes 
       add constraint UK1c96wv36rk2hwui7qhjks3mvg unique (email)
2025-09-12T08:48:18.359-03:00 DEBUG 7996 --- [delivery] [           main] org.hibernate.SQL                        : 
    alter table if exists usuarios 
       drop constraint if exists UKkfsp0s1tflm1cwlj8idhqsad0
Hibernate: 
    alter table if exists usuarios 
       drop constraint if exists UKkfsp0s1tflm1cwlj8idhqsad0
2025-09-12T08:48:18.360-03:00 DEBUG 7996 --- [delivery] [           main] org.hibernate.SQL                        : 
    alter table if exists usuarios 
       add constraint UKkfsp0s1tflm1cwlj8idhqsad0 unique (email)
Hibernate: 
    alter table if exists usuarios 
       add constraint UKkfsp0s1tflm1cwlj8idhqsad0 unique (email)
2025-09-12T08:48:18.360-03:00 DEBUG 7996 --- [delivery] [           main] org.hibernate.SQL                        : 
    alter table if exists item_pedido 
       add constraint FK60ym08cfoysa17wrn1swyiuda 
       foreign key (pedido_id) 
       references pedido
Hibernate: 
    alter table if exists item_pedido 
       add constraint FK60ym08cfoysa17wrn1swyiuda 
       foreign key (pedido_id) 
       references pedido
2025-09-12T08:48:18.365-03:00 DEBUG 7996 --- [delivery] [           main] org.hibernate.SQL                        : 
    alter table if exists item_pedido 
       add constraint FKtk55mn6d6bvl5h0no5uagi3sf 
       foreign key (produto_id) 
       references produto
Hibernate: 
    alter table if exists item_pedido 
       add constraint FKtk55mn6d6bvl5h0no5uagi3sf 
       foreign key (produto_id) 
       references produto
2025-09-12T08:48:18.366-03:00 DEBUG 7996 --- [delivery] [           main] org.hibernate.SQL                        : 
    alter table if exists pedido 
       add constraint FKdaj89qjvckr7m387qpkvuqw5s 
       foreign key (cliente_id) 
       references clientes
Hibernate: 
    alter table if exists pedido 
       add constraint FKdaj89qjvckr7m387qpkvuqw5s 
       foreign key (cliente_id) 
       references clientes
2025-09-12T08:48:18.367-03:00 DEBUG 7996 --- [delivery] [           main] org.hibernate.SQL                        : 
    alter table if exists pedido 
       add constraint FK3eud5cqmgsnltyk704hu3qj71 
       foreign key (restaurante_id) 
       references restaurante
Hibernate: 
    alter table if exists pedido 
       add constraint FK3eud5cqmgsnltyk704hu3qj71 
       foreign key (restaurante_id) 
       references restaurante
2025-09-12T08:48:18.368-03:00 DEBUG 7996 --- [delivery] [           main] org.hibernate.SQL                        : 
    alter table if exists produto 
       add constraint FKb9jhjyghjcn25guim7q4pt8qx 
       foreign key (restaurante_id) 
       references restaurante
Hibernate: 
    alter table if exists produto 
       add constraint FKb9jhjyghjcn25guim7q4pt8qx 
       foreign key (restaurante_id) 
       references restaurante
2025-09-12T08:48:18.370-03:00  INFO 7996 --- [delivery] [           main] j.LocalContainerEntityManagerFactoryBean : Initialized JPA EntityManagerFactory for persistence unit 'default'
2025-09-12T08:48:19.129-03:00  INFO 7996 --- [delivery] [           main] o.s.b.a.w.s.WelcomePageHandlerMapping    : Adding welcome page: class path resource [static/index.html]
2025-09-12T08:48:19.200-03:00 DEBUG 7996 --- [delivery] [           main] s.w.s.m.m.a.RequestMappingHandlerMapping : 21 mappings in 'requestMappingHandlerMapping'
2025-09-12T08:48:19.309-03:00 DEBUG 7996 --- [delivery] [           main] o.s.w.s.handler.SimpleUrlHandlerMapping  : Patterns [/webjars/**, /**, /swagger-ui*/*swagger-initializer.js, /swagger-ui*/**] in 'resourceHandlerMapping'
2025-09-12T08:48:19.484-03:00  INFO 7996 --- [delivery] [           main] o.s.b.a.e.web.EndpointLinksResolver      : Exposing 13 endpoints beneath base path '/actuator'
2025-09-12T08:48:19.522-03:00  INFO 7996 --- [delivery] [           main] r$InitializeUserDetailsManagerConfigurer : Global AuthenticationManager configured with UserDetailsService bean with name usuarioDetailsServiceImpl
2025-09-12T08:48:19.592-03:00 DEBUG 7996 --- [delivery] [           main] o.s.s.web.DefaultSecurityFilterChain     : Will secure any request with filters: DisableEncodeUrlFilter, WebAsyncManagerIntegrationFilter, SecurityContextHolderFilter, HeaderWriterFilter, LogoutFilter, JWTAuthenticationFilter, RequestCacheAwareFilter, SecurityContextHolderAwareRequestFilter, AnonymousAuthenticationFilter, SessionManagementFilter, ExceptionTranslationFilter, AuthorizationFilter
2025-09-12T08:48:19.706-03:00 DEBUG 7996 --- [delivery] [           main] o.s.web.client.RestTemplate              : HTTP GET https://dev-nnm331zadmfc3wgy.us.auth0.com/.well-known/openid-configuration
2025-09-12T08:48:19.711-03:00 DEBUG 7996 --- [delivery] [           main] o.s.web.client.RestTemplate              : Accept=[application/json, application/yaml, application/*+json]
2025-09-12T08:48:20.382-03:00 DEBUG 7996 --- [delivery] [           main] o.s.web.client.RestTemplate              : Response 200 OK
2025-09-12T08:48:20.383-03:00 DEBUG 7996 --- [delivery] [           main] o.s.web.client.RestTemplate              : Reading to [java.util.Map<java.lang.String, java.lang.Object>]
2025-09-12T08:48:20.417-03:00 DEBUG 7996 --- [delivery] [           main] o.s.web.client.RestTemplate              : HTTP GET https://dev-nnm331zadmfc3wgy.us.auth0.com/.well-known/jwks.json
2025-09-12T08:48:20.418-03:00 DEBUG 7996 --- [delivery] [           main] o.s.web.client.RestTemplate              : Accept=[text/plain, application/json, application/yaml, application/*+json, */*]
2025-09-12T08:48:20.864-03:00 DEBUG 7996 --- [delivery] [           main] o.s.web.client.RestTemplate              : Response 200 OK
2025-09-12T08:48:20.864-03:00 DEBUG 7996 --- [delivery] [           main] o.s.web.client.RestTemplate              : Reading to [java.lang.String] as "application/json;charset=utf-8"
2025-09-12T08:48:21.025-03:00 DEBUG 7996 --- [delivery] [           main] s.w.s.m.m.a.RequestMappingHandlerAdapter : ControllerAdvice beans: 0 @ModelAttribute, 0 @InitBinder, 1 RequestBodyAdvice, 1 ResponseBodyAdvice
2025-09-12T08:48:21.073-03:00  WARN 7996 --- [delivery] [           main] ion$DefaultTemplateResolverConfiguration : Cannot find template location: classpath:/templates/ (please add some templates, check your Thymeleaf configuration, or set spring.thymeleaf.check-template-location=false)
2025-09-12T08:48:21.101-03:00 DEBUG 7996 --- [delivery] [           main] .m.m.a.ExceptionHandlerExceptionResolver : ControllerAdvice beans: 2 @ExceptionHandler, 1 ResponseBodyAdvice
2025-09-12T08:48:21.395-03:00  INFO 7996 --- [delivery] [           main] o.s.b.a.h2.H2ConsoleAutoConfiguration    : H2 console available at '/h2-console'. Database available at 'jdbc:h2:mem:deliverydb'
2025-09-12T08:48:21.437-03:00 DEBUG 7996 --- [delivery] [           main] o.s.w.f.ServerHttpObservationFilter      : Filter 'webMvcObservationFilter' configured for use
2025-09-12T08:48:21.438-03:00 DEBUG 7996 --- [delivery] [           main] o.s.w.s.r.ResourceUrlEncodingFilter      : Filter 'resourceUrlEncodingFilter' configured for use
2025-09-12T08:48:21.438-03:00 DEBUG 7996 --- [delivery] [           main] c.d.d.security.JWTAuthenticationFilter   : Filter 'JWTAuthenticationFilter' configured for use
2025-09-12T08:48:21.438-03:00  INFO 7996 --- [delivery] [           main] o.s.b.t.m.w.SpringBootMockServletContext : Initializing Spring TestDispatcherServlet ''
2025-09-12T08:48:21.438-03:00  INFO 7996 --- [delivery] [           main] o.s.t.web.servlet.TestDispatcherServlet  : Initializing Servlet ''
2025-09-12T08:48:21.439-03:00  INFO 7996 --- [delivery] [           main] o.s.t.web.servlet.TestDispatcherServlet  : Completed initialization in 0 ms
2025-09-12T08:48:21.525-03:00  INFO 7996 --- [delivery] [           main] c.d.d.controllers.ClienteControllerTest  : Started ClienteControllerTest in 6.665 seconds (process running for 7.585)
2025-09-12T08:48:21.668-03:00 DEBUG 7996 --- [delivery] [           main] o.s.security.web.FilterChainProxy        : Securing GET /api/clientes/999
2025-09-12T08:48:21.680-03:00 DEBUG 7996 --- [delivery] [           main] o.s.security.web.FilterChainProxy        : Secured GET /api/clientes/999
2025-09-12T08:48:21.683-03:00 DEBUG 7996 --- [delivery] [           main] s.w.s.m.m.a.RequestMappingHandlerMapping : Mapped to com.deliverytech.delivery.controllers.ClienteController#buscar(Long)
2025-09-12T08:48:24.615-03:00 DEBUG 7996 --- [delivery] [           main] .m.m.a.ExceptionHandlerExceptionResolver : Using @ExceptionHandler com.deliverytech.delivery.exceptions.GlobalExceptionHandler#handleGenericException(Exception, WebRequest)
2025-09-12T08:48:24.644-03:00 DEBUG 7996 --- [delivery] [           main] o.s.w.s.m.m.a.HttpEntityMethodProcessor  : Using 'application/json', given [*/*] and supported [application/json, application/*+json, application/yaml]
2025-09-12T08:48:24.645-03:00 DEBUG 7996 --- [delivery] [           main] o.s.w.s.m.m.a.HttpEntityMethodProcessor  : Writing [com.deliverytech.delivery.exceptions.ErrorResponse@4e8c27f7]
2025-09-12T08:48:24.651-03:00 DEBUG 7996 --- [delivery] [           main] .m.m.a.ExceptionHandlerExceptionResolver : Resolved [org.springframework.data.redis.RedisConnectionFailureException: Unable to connect to Redis]

MockHttpServletRequest:
      HTTP Method = GET
      Request URI = /api/clientes/999
       Parameters = {}
          Headers = []
             Body = null
    Session Attrs = {}

Handler:
             Type = com.deliverytech.delivery.controllers.ClienteController
           Method = com.deliverytech.delivery.controllers.ClienteController#buscar(Long)

Async:
    Async started = false
     Async result = null

Resolved Exception:
             Type = org.springframework.data.redis.RedisConnectionFailureException

ModelAndView:
        View name = null
             View = null
            Model = null

FlashMap:
       Attributes = null

MockHttpServletResponse:
           Status = 500
    Error message = null
          Headers = [Content-Type:"application/json", X-Content-Type-Options:"nosniff", X-XSS-Protection:"0", Cache-Control:"no-cache, no-store, max-age=0, must-revalidate", Pragma:"no-cache", Expires:"0", X-Frame-Options:"SAMEORIGIN"]
     Content type = application/json
             Body = {"timestamp":"2025-09-12T08:48:24","status":500,"error":"Erro interno do servidor","message":"Ocorreu um erro inesperado. Tente novamente mais tarde.","path":"/api/clientes/999","errorCode":"INTERNAL_ERROR"}
    Forwarded URL = null
   Redirected URL = null
          Cookies = []
]]></system-out>
  </testcase>
  <testcase name="testCriarCliente" classname="com.deliverytech.delivery.controllers.ClienteControllerTest" time="0.104">
    <system-out><![CDATA[2025-09-12T08:48:24.687-03:00 DEBUG 7996 --- [delivery] [           main] o.s.security.web.FilterChainProxy        : Securing POST /api/clientes
2025-09-12T08:48:24.688-03:00 DEBUG 7996 --- [delivery] [           main] o.s.security.web.FilterChainProxy        : Secured POST /api/clientes
2025-09-12T08:48:24.688-03:00 DEBUG 7996 --- [delivery] [           main] s.w.s.m.m.a.RequestMappingHandlerMapping : Mapped to com.deliverytech.delivery.controllers.ClienteController#cadastrar(ClienteRequest)
2025-09-12T08:48:24.702-03:00 DEBUG 7996 --- [delivery] [           main] m.m.a.RequestResponseBodyMethodProcessor : Read "application/json;charset=UTF-8" to [ClienteRequest(nome=Jo�o Silva, email=joao@teste.com)]
2025-09-12T08:48:24.746-03:00 DEBUG 7996 --- [delivery] [           main] o.s.w.s.m.m.a.HttpEntityMethodProcessor  : Using 'application/json', given [*/*] and supported [application/json, application/*+json, application/yaml]
2025-09-12T08:48:24.747-03:00 DEBUG 7996 --- [delivery] [           main] o.s.w.s.m.m.a.HttpEntityMethodProcessor  : Writing [ClienteResponse(id=1, nome=Jo�o Silva, email=joao@teste.com, ativo=true)]
]]></system-out>
  </testcase>
  <testcase name="testCriarClienteEmailDuplicado" classname="com.deliverytech.delivery.controllers.ClienteControllerTest" time="0.015">
    <failure message="Status expected:&lt;400&gt; but was:&lt;500&gt;" type="java.lang.AssertionError"><![CDATA[java.lang.AssertionError: Status expected:<400> but was:<500>
	at org.springframework.test.util.AssertionErrors.fail(AssertionErrors.java:61)
	at org.springframework.test.util.AssertionErrors.assertEquals(AssertionErrors.java:128)
	at org.springframework.test.web.servlet.result.StatusResultMatchers.lambda$matcher$9(StatusResultMatchers.java:640)
	at org.springframework.test.web.servlet.MockMvc$1.andExpect(MockMvc.java:214)
	at com.deliverytech.delivery.controllers.ClienteControllerTest.testCriarClienteEmailDuplicado(ClienteControllerTest.java:185)
	at java.base/java.lang.reflect.Method.invoke(Method.java:565)
	at java.base/java.util.ArrayList.forEach(ArrayList.java:1604)
	at java.base/java.util.ArrayList.forEach(ArrayList.java:1604)
]]></failure>
    <system-out><![CDATA[2025-09-12T08:48:24.784-03:00 DEBUG 7996 --- [delivery] [           main] o.s.security.web.FilterChainProxy        : Securing POST /api/clientes
2025-09-12T08:48:24.786-03:00 DEBUG 7996 --- [delivery] [           main] o.s.security.web.FilterChainProxy        : Secured POST /api/clientes
2025-09-12T08:48:24.786-03:00 DEBUG 7996 --- [delivery] [           main] s.w.s.m.m.a.RequestMappingHandlerMapping : Mapped to com.deliverytech.delivery.controllers.ClienteController#cadastrar(ClienteRequest)
2025-09-12T08:48:24.787-03:00 DEBUG 7996 --- [delivery] [           main] m.m.a.RequestResponseBodyMethodProcessor : Read "application/json;charset=UTF-8" to [ClienteRequest(nome=Jo�o Silva, email=joao@teste.com)]
2025-09-12T08:48:24.788-03:00 DEBUG 7996 --- [delivery] [           main] .m.m.a.ExceptionHandlerExceptionResolver : Using @ExceptionHandler com.deliverytech.delivery.exceptions.GlobalExceptionHandler#handleGenericException(Exception, WebRequest)
2025-09-12T08:48:24.788-03:00 DEBUG 7996 --- [delivery] [           main] o.s.w.s.m.m.a.HttpEntityMethodProcessor  : Using 'application/json', given [*/*] and supported [application/json, application/*+json, application/yaml]
2025-09-12T08:48:24.788-03:00 DEBUG 7996 --- [delivery] [           main] o.s.w.s.m.m.a.HttpEntityMethodProcessor  : Writing [com.deliverytech.delivery.exceptions.ErrorResponse@139be871]
2025-09-12T08:48:24.789-03:00 DEBUG 7996 --- [delivery] [           main] .m.m.a.ExceptionHandlerExceptionResolver : Resolved [java.lang.RuntimeException: Email j� cadastrado]

MockHttpServletRequest:
      HTTP Method = POST
      Request URI = /api/clientes
       Parameters = {_csrf=[BdSOcIxYUnJtH7CuiiPLrblIBwTSJKuUdESc6xBwD2g9Xt5ZNOS3E7ptNxRAfICevw7_yN9_KmaxF5u5RCWqiCIVNgwFOO5g]}
          Headers = [Content-Type:"application/json;charset=UTF-8", Content-Length:"47"]
             Body = {"nome":"João Silva","email":"joao@teste.com"}
    Session Attrs = {}

Handler:
             Type = com.deliverytech.delivery.controllers.ClienteController
           Method = com.deliverytech.delivery.controllers.ClienteController#cadastrar(ClienteRequest)

Async:
    Async started = false
     Async result = null

Resolved Exception:
             Type = java.lang.RuntimeException

ModelAndView:
        View name = null
             View = null
            Model = null

FlashMap:
       Attributes = null

MockHttpServletResponse:
           Status = 500
    Error message = null
          Headers = [Content-Type:"application/json", X-Content-Type-Options:"nosniff", X-XSS-Protection:"0", Cache-Control:"no-cache, no-store, max-age=0, must-revalidate", Pragma:"no-cache", Expires:"0", X-Frame-Options:"SAMEORIGIN"]
     Content type = application/json
             Body = {"timestamp":"2025-09-12T08:48:24","status":500,"error":"Erro interno do servidor","message":"Ocorreu um erro inesperado. Tente novamente mais tarde.","path":"/api/clientes","errorCode":"INTERNAL_ERROR"}
    Forwarded URL = null
   Redirected URL = null
          Cookies = []
]]></system-out>
  </testcase>
  <testcase name="testListarClientesAtivos" classname="com.deliverytech.delivery.controllers.ClienteControllerTest" time="0.015">
    <failure message="Status expected:&lt;200&gt; but was:&lt;500&gt;" type="java.lang.AssertionError"><![CDATA[java.lang.AssertionError: Status expected:<200> but was:<500>
	at org.springframework.test.util.AssertionErrors.fail(AssertionErrors.java:61)
	at org.springframework.test.util.AssertionErrors.assertEquals(AssertionErrors.java:128)
	at org.springframework.test.web.servlet.result.StatusResultMatchers.lambda$matcher$9(StatusResultMatchers.java:640)
	at org.springframework.test.web.servlet.MockMvc$1.andExpect(MockMvc.java:214)
	at com.deliverytech.delivery.controllers.ClienteControllerTest.testListarClientesAtivos(ClienteControllerTest.java:92)
	at java.base/java.lang.reflect.Method.invoke(Method.java:565)
	at java.base/java.util.ArrayList.forEach(ArrayList.java:1604)
	at java.base/java.util.ArrayList.forEach(ArrayList.java:1604)
]]></failure>
    <system-out><![CDATA[2025-09-12T08:48:24.800-03:00 DEBUG 7996 --- [delivery] [           main] o.s.security.web.FilterChainProxy        : Securing GET /api/clientes
2025-09-12T08:48:24.801-03:00 DEBUG 7996 --- [delivery] [           main] o.s.security.web.FilterChainProxy        : Secured GET /api/clientes
2025-09-12T08:48:24.801-03:00 DEBUG 7996 --- [delivery] [           main] s.w.s.m.m.a.RequestMappingHandlerMapping : Mapped to com.deliverytech.delivery.controllers.ClienteController#listar()
2025-09-12T08:48:24.804-03:00 DEBUG 7996 --- [delivery] [           main] .m.m.a.ExceptionHandlerExceptionResolver : Using @ExceptionHandler com.deliverytech.delivery.exceptions.GlobalExceptionHandler#handleGenericException(Exception, WebRequest)
2025-09-12T08:48:24.804-03:00 DEBUG 7996 --- [delivery] [           main] o.s.w.s.m.m.a.HttpEntityMethodProcessor  : Using 'application/json', given [application/json] and supported [application/json, application/*+json, application/yaml]
2025-09-12T08:48:24.805-03:00 DEBUG 7996 --- [delivery] [           main] o.s.w.s.m.m.a.HttpEntityMethodProcessor  : Writing [com.deliverytech.delivery.exceptions.ErrorResponse@5956b966]
2025-09-12T08:48:24.805-03:00 DEBUG 7996 --- [delivery] [           main] .m.m.a.ExceptionHandlerExceptionResolver : Resolved [org.springframework.data.redis.RedisConnectionFailureException: Unable to connect to Redis]

MockHttpServletRequest:
      HTTP Method = GET
      Request URI = /api/clientes
       Parameters = {}
          Headers = [Accept:"application/json"]
             Body = null
    Session Attrs = {}

Handler:
             Type = com.deliverytech.delivery.controllers.ClienteController
           Method = com.deliverytech.delivery.controllers.ClienteController#listar()

Async:
    Async started = false
     Async result = null

Resolved Exception:
             Type = org.springframework.data.redis.RedisConnectionFailureException

ModelAndView:
        View name = null
             View = null
            Model = null

FlashMap:
       Attributes = null

MockHttpServletResponse:
           Status = 500
    Error message = null
          Headers = [Content-Type:"application/json", X-Content-Type-Options:"nosniff", X-XSS-Protection:"0", Cache-Control:"no-cache, no-store, max-age=0, must-revalidate", Pragma:"no-cache", Expires:"0", X-Frame-Options:"SAMEORIGIN"]
     Content type = application/json
             Body = {"timestamp":"2025-09-12T08:48:24","status":500,"error":"Erro interno do servidor","message":"Ocorreu um erro inesperado. Tente novamente mais tarde.","path":"/api/clientes","errorCode":"INTERNAL_ERROR"}
    Forwarded URL = null
   Redirected URL = null
          Cookies = []
]]></system-out>
  </testcase>
  <testcase name="testAlterarStatusCliente" classname="com.deliverytech.delivery.controllers.ClienteControllerTest" time="0.016">
    <failure message="Status expected:&lt;204&gt; but was:&lt;500&gt;" type="java.lang.AssertionError"><![CDATA[java.lang.AssertionError: Status expected:<204> but was:<500>
	at org.springframework.test.util.AssertionErrors.fail(AssertionErrors.java:61)
	at org.springframework.test.util.AssertionErrors.assertEquals(AssertionErrors.java:128)
	at org.springframework.test.web.servlet.result.StatusResultMatchers.lambda$matcher$9(StatusResultMatchers.java:640)
	at org.springframework.test.web.servlet.MockMvc$1.andExpect(MockMvc.java:214)
	at com.deliverytech.delivery.controllers.ClienteControllerTest.testAlterarStatusCliente(ClienteControllerTest.java:158)
	at java.base/java.lang.reflect.Method.invoke(Method.java:565)
	at java.base/java.util.ArrayList.forEach(ArrayList.java:1604)
	at java.base/java.util.ArrayList.forEach(ArrayList.java:1604)
]]></failure>
    <system-out><![CDATA[2025-09-12T08:48:24.815-03:00 DEBUG 7996 --- [delivery] [           main] o.s.security.web.FilterChainProxy        : Securing PATCH /api/clientes/1/status
2025-09-12T08:48:24.815-03:00 DEBUG 7996 --- [delivery] [           main] o.s.security.web.FilterChainProxy        : Secured PATCH /api/clientes/1/status
2025-09-12T08:48:24.817-03:00 DEBUG 7996 --- [delivery] [           main] s.w.s.m.m.a.RequestMappingHandlerMapping : Mapped to com.deliverytech.delivery.controllers.ClienteController#ativarDesativar(Long)
2025-09-12T08:48:24.821-03:00 DEBUG 7996 --- [delivery] [           main] .m.m.a.ExceptionHandlerExceptionResolver : Using @ExceptionHandler com.deliverytech.delivery.exceptions.GlobalExceptionHandler#handleGenericException(Exception, WebRequest)
2025-09-12T08:48:24.821-03:00 DEBUG 7996 --- [delivery] [           main] o.s.w.s.m.m.a.HttpEntityMethodProcessor  : Using 'application/json', given [*/*] and supported [application/json, application/*+json, application/yaml]
2025-09-12T08:48:24.821-03:00 DEBUG 7996 --- [delivery] [           main] o.s.w.s.m.m.a.HttpEntityMethodProcessor  : Writing [com.deliverytech.delivery.exceptions.ErrorResponse@8466428]
2025-09-12T08:48:24.822-03:00 DEBUG 7996 --- [delivery] [           main] .m.m.a.ExceptionHandlerExceptionResolver : Resolved [org.springframework.data.redis.RedisConnectionFailureException: Unable to connect to Redis]

MockHttpServletRequest:
      HTTP Method = PATCH
      Request URI = /api/clientes/1/status
       Parameters = {_csrf=[oWzMHtYQlBIyz6qaVqBs5y9SH3OauzfO0Mwpbu9nn7mNf2mOll2oKuRx8SQf-ZmiYo1YgxZjMhGujA7j5q4ZW4tQ-Y_vGwy_]}
          Headers = []
             Body = null
    Session Attrs = {}

Handler:
             Type = com.deliverytech.delivery.controllers.ClienteController
           Method = com.deliverytech.delivery.controllers.ClienteController#ativarDesativar(Long)

Async:
    Async started = false
     Async result = null

Resolved Exception:
             Type = org.springframework.data.redis.RedisConnectionFailureException

ModelAndView:
        View name = null
             View = null
            Model = null

FlashMap:
       Attributes = null

MockHttpServletResponse:
           Status = 500
    Error message = null
          Headers = [Content-Type:"application/json", X-Content-Type-Options:"nosniff", X-XSS-Protection:"0", Cache-Control:"no-cache, no-store, max-age=0, must-revalidate", Pragma:"no-cache", Expires:"0", X-Frame-Options:"SAMEORIGIN"]
     Content type = application/json
             Body = {"timestamp":"2025-09-12T08:48:24","status":500,"error":"Erro interno do servidor","message":"Ocorreu um erro inesperado. Tente novamente mais tarde.","path":"/api/clientes/1/status","errorCode":"INTERNAL_ERROR"}
    Forwarded URL = null
   Redirected URL = null
          Cookies = []
]]></system-out>
  </testcase>
  <testcase name="testAtualizarCliente" classname="com.deliverytech.delivery.controllers.ClienteControllerTest" time="0.012">
    <failure message="Status expected:&lt;200&gt; but was:&lt;500&gt;" type="java.lang.AssertionError"><![CDATA[java.lang.AssertionError: Status expected:<200> but was:<500>
	at org.springframework.test.util.AssertionErrors.fail(AssertionErrors.java:61)
	at org.springframework.test.util.AssertionErrors.assertEquals(AssertionErrors.java:128)
	at org.springframework.test.web.servlet.result.StatusResultMatchers.lambda$matcher$9(StatusResultMatchers.java:640)
	at org.springframework.test.web.servlet.MockMvc$1.andExpect(MockMvc.java:214)
	at com.deliverytech.delivery.controllers.ClienteControllerTest.testAtualizarCliente(ClienteControllerTest.java:142)
	at java.base/java.lang.reflect.Method.invoke(Method.java:565)
	at java.base/java.util.ArrayList.forEach(ArrayList.java:1604)
	at java.base/java.util.ArrayList.forEach(ArrayList.java:1604)
]]></failure>
    <system-out><![CDATA[2025-09-12T08:48:24.832-03:00 DEBUG 7996 --- [delivery] [           main] o.s.security.web.FilterChainProxy        : Securing PUT /api/clientes/1
2025-09-12T08:48:24.832-03:00 DEBUG 7996 --- [delivery] [           main] o.s.security.web.FilterChainProxy        : Secured PUT /api/clientes/1
2025-09-12T08:48:24.833-03:00 DEBUG 7996 --- [delivery] [           main] s.w.s.m.m.a.RequestMappingHandlerMapping : Mapped to com.deliverytech.delivery.controllers.ClienteController#atualizar(Long, ClienteRequest)
2025-09-12T08:48:24.834-03:00 DEBUG 7996 --- [delivery] [           main] m.m.a.RequestResponseBodyMethodProcessor : Read "application/json;charset=UTF-8" to [ClienteRequest(nome=Jo�o Silva, email=joao@teste.com)]
2025-09-12T08:48:24.836-03:00 DEBUG 7996 --- [delivery] [           main] .m.m.a.ExceptionHandlerExceptionResolver : Using @ExceptionHandler com.deliverytech.delivery.exceptions.GlobalExceptionHandler#handleGenericException(Exception, WebRequest)
2025-09-12T08:48:24.836-03:00 DEBUG 7996 --- [delivery] [           main] o.s.w.s.m.m.a.HttpEntityMethodProcessor  : Using 'application/json', given [*/*] and supported [application/json, application/*+json, application/yaml]
2025-09-12T08:48:24.836-03:00 DEBUG 7996 --- [delivery] [           main] o.s.w.s.m.m.a.HttpEntityMethodProcessor  : Writing [com.deliverytech.delivery.exceptions.ErrorResponse@386d0954]
2025-09-12T08:48:24.836-03:00 DEBUG 7996 --- [delivery] [           main] .m.m.a.ExceptionHandlerExceptionResolver : Resolved [org.springframework.data.redis.RedisConnectionFailureException: Unable to connect to Redis]

MockHttpServletRequest:
      HTTP Method = PUT
      Request URI = /api/clientes/1
       Parameters = {_csrf=[6Dkn3ByESr9hn_b6YgWJSkAHi5wroQQO-ETVOoVNgz3tluKZ3wpGvyi8ftpM-s_NBii9K3FlpqUcxDcjmXyzAuZ6tF7Ur4D7]}
          Headers = [Content-Type:"application/json;charset=UTF-8", Content-Length:"47"]
             Body = {"nome":"João Silva","email":"joao@teste.com"}
    Session Attrs = {}

Handler:
             Type = com.deliverytech.delivery.controllers.ClienteController
           Method = com.deliverytech.delivery.controllers.ClienteController#atualizar(Long, ClienteRequest)

Async:
    Async started = false
     Async result = null

Resolved Exception:
             Type = org.springframework.data.redis.RedisConnectionFailureException

ModelAndView:
        View name = null
             View = null
            Model = null

FlashMap:
       Attributes = null

MockHttpServletResponse:
           Status = 500
    Error message = null
          Headers = [Content-Type:"application/json", X-Content-Type-Options:"nosniff", X-XSS-Protection:"0", Cache-Control:"no-cache, no-store, max-age=0, must-revalidate", Pragma:"no-cache", Expires:"0", X-Frame-Options:"SAMEORIGIN"]
     Content type = application/json
             Body = {"timestamp":"2025-09-12T08:48:24","status":500,"error":"Erro interno do servidor","message":"Ocorreu um erro inesperado. Tente novamente mais tarde.","path":"/api/clientes/1","errorCode":"INTERNAL_ERROR"}
    Forwarded URL = null
   Redirected URL = null
          Cookies = []
]]></system-out>
  </testcase>
  <testcase name="testCriarClienteDadosInvalidos" classname="com.deliverytech.delivery.controllers.ClienteControllerTest" time="0.023">
    <system-out><![CDATA[2025-09-12T08:48:24.846-03:00 DEBUG 7996 --- [delivery] [           main] o.s.security.web.FilterChainProxy        : Securing POST /api/clientes
2025-09-12T08:48:24.846-03:00 DEBUG 7996 --- [delivery] [           main] o.s.security.web.FilterChainProxy        : Secured POST /api/clientes
2025-09-12T08:48:24.847-03:00 DEBUG 7996 --- [delivery] [           main] s.w.s.m.m.a.RequestMappingHandlerMapping : Mapped to com.deliverytech.delivery.controllers.ClienteController#cadastrar(ClienteRequest)
2025-09-12T08:48:24.847-03:00 DEBUG 7996 --- [delivery] [           main] m.m.a.RequestResponseBodyMethodProcessor : Read "application/json;charset=UTF-8" to [ClienteRequest(nome=null, email=null)]
2025-09-12T08:48:24.857-03:00 DEBUG 7996 --- [delivery] [           main] .m.m.a.ExceptionHandlerExceptionResolver : Using @ExceptionHandler com.deliverytech.delivery.exceptions.GlobalExceptionHandler#handleValidationExceptions(MethodArgumentNotValidException, WebRequest)
2025-09-12T08:48:24.859-03:00 DEBUG 7996 --- [delivery] [           main] o.s.w.s.m.m.a.HttpEntityMethodProcessor  : Using 'application/json', given [*/*] and supported [application/json, application/*+json, application/yaml]
2025-09-12T08:48:24.859-03:00 DEBUG 7996 --- [delivery] [           main] o.s.w.s.m.m.a.HttpEntityMethodProcessor  : Writing [com.deliverytech.delivery.exceptions.ErrorResponse@47b530e0]
2025-09-12T08:48:24.862-03:00 DEBUG 7996 --- [delivery] [           main] .m.m.a.ExceptionHandlerExceptionResolver : Resolved [org.springframework.web.bind.MethodArgumentNotValidException: Validation failed for argument [0] in public org.springframework.http.ResponseEntity<com.deliverytech.delivery.dto.response.ClienteResponse> com.deliverytech.delivery.controllers.ClienteController.cadastrar(com.deliverytech.delivery.dto.request.ClienteRequest) with 2 errors: [Field error in object 'clienteRequest' on field 'email': rejected value [null]; codes [NotBlank.clienteRequest.email,NotBlank.email,NotBlank.java.lang.String,NotBlank]; arguments [org.springframework.context.support.DefaultMessageSourceResolvable: codes [clienteRequest.email,email]; arguments []; default message [email]]; default message [must not be blank]] [Field error in object 'clienteRequest' on field 'nome': rejected value [null]; codes [NotBlank.clienteRequest.nome,NotBlank.nome,NotBlank.java.lang.String,NotBlank]; arguments [org.springframework.context.support.DefaultMessageSourceResolvable: codes [clienteRequest.nome,nome]; arguments []; default message [nome]]; default message [must not be blank]] ]
]]></system-out>
  </testcase>
  <testcase name="testBuscarClientePorId" classname="com.deliverytech.delivery.controllers.ClienteControllerTest" time="0.01">
    <failure message="Status expected:&lt;200&gt; but was:&lt;500&gt;" type="java.lang.AssertionError"><![CDATA[java.lang.AssertionError: Status expected:<200> but was:<500>
	at org.springframework.test.util.AssertionErrors.fail(AssertionErrors.java:61)
	at org.springframework.test.util.AssertionErrors.assertEquals(AssertionErrors.java:128)
	at org.springframework.test.web.servlet.result.StatusResultMatchers.lambda$matcher$9(StatusResultMatchers.java:640)
	at org.springframework.test.web.servlet.MockMvc$1.andExpect(MockMvc.java:214)
	at com.deliverytech.delivery.controllers.ClienteControllerTest.testBuscarClientePorId(ClienteControllerTest.java:107)
	at java.base/java.lang.reflect.Method.invoke(Method.java:565)
	at java.base/java.util.ArrayList.forEach(ArrayList.java:1604)
	at java.base/java.util.ArrayList.forEach(ArrayList.java:1604)
]]></failure>
    <system-out><![CDATA[2025-09-12T08:48:24.868-03:00 DEBUG 7996 --- [delivery] [           main] o.s.security.web.FilterChainProxy        : Securing GET /api/clientes/1
2025-09-12T08:48:24.869-03:00 DEBUG 7996 --- [delivery] [           main] o.s.security.web.FilterChainProxy        : Secured GET /api/clientes/1
2025-09-12T08:48:24.869-03:00 DEBUG 7996 --- [delivery] [           main] s.w.s.m.m.a.RequestMappingHandlerMapping : Mapped to com.deliverytech.delivery.controllers.ClienteController#buscar(Long)
2025-09-12T08:48:24.871-03:00 DEBUG 7996 --- [delivery] [           main] .m.m.a.ExceptionHandlerExceptionResolver : Using @ExceptionHandler com.deliverytech.delivery.exceptions.GlobalExceptionHandler#handleGenericException(Exception, WebRequest)
2025-09-12T08:48:24.871-03:00 DEBUG 7996 --- [delivery] [           main] o.s.w.s.m.m.a.HttpEntityMethodProcessor  : Using 'application/json', given [application/json] and supported [application/json, application/*+json, application/yaml]
2025-09-12T08:48:24.871-03:00 DEBUG 7996 --- [delivery] [           main] o.s.w.s.m.m.a.HttpEntityMethodProcessor  : Writing [com.deliverytech.delivery.exceptions.ErrorResponse@54dfdad7]
2025-09-12T08:48:24.872-03:00 DEBUG 7996 --- [delivery] [           main] .m.m.a.ExceptionHandlerExceptionResolver : Resolved [org.springframework.data.redis.RedisConnectionFailureException: Unable to connect to Redis]

MockHttpServletRequest:
      HTTP Method = GET
      Request URI = /api/clientes/1
       Parameters = {}
          Headers = [Accept:"application/json"]
             Body = null
    Session Attrs = {}

Handler:
             Type = com.deliverytech.delivery.controllers.ClienteController
           Method = com.deliverytech.delivery.controllers.ClienteController#buscar(Long)

Async:
    Async started = false
     Async result = null

Resolved Exception:
             Type = org.springframework.data.redis.RedisConnectionFailureException

ModelAndView:
        View name = null
             View = null
            Model = null

FlashMap:
       Attributes = null

MockHttpServletResponse:
           Status = 500
    Error message = null
          Headers = [Content-Type:"application/json", X-Content-Type-Options:"nosniff", X-XSS-Protection:"0", Cache-Control:"no-cache, no-store, max-age=0, must-revalidate", Pragma:"no-cache", Expires:"0", X-Frame-Options:"SAMEORIGIN"]
     Content type = application/json
             Body = {"timestamp":"2025-09-12T08:48:24","status":500,"error":"Erro interno do servidor","message":"Ocorreu um erro inesperado. Tente novamente mais tarde.","path":"/api/clientes/1","errorCode":"INTERNAL_ERROR"}
    Forwarded URL = null
   Redirected URL = null
          Cookies = []
]]></system-out>
  </testcase>
</testsuite>