<?xml version="1.0" encoding="UTF-8"?>
<testsuite xmlns:xsi="http://www.w3.org/2001/XMLSchema-instance" xsi:noNamespaceSchemaLocation="https://maven.apache.org/surefire/maven-surefire-plugin/xsd/surefire-test-report.xsd" version="3.0.2" name="com.deliverytech.delivery.DeliveryApplicationTests" time="7.187" tests="1" errors="0" skipped="0" failures="0">
  <properties>
[...]
</properties>
  <testcase name="contextLoads" classname="com.deliverytech.delivery.DeliveryApplicationTests" time="0.184">
    <system-out><![CDATA[08:54:09.829 [main] INFO org.springframework.test.context.support.AnnotationConfigContextLoaderUtils -- Could not detect default configuration classes for test class [com.deliverytech.delivery.DeliveryApplicationTests]: DeliveryApplicationTests does not declare any static, non-private, non-final, nested classes annotated with @Configuration.
08:54:09.931 [main] INFO org.springframework.boot.test.context.SpringBootTestContextBootstrapper -- Found @SpringBootConfiguration com.deliverytech.delivery.DeliveryApplication for test class com.deliverytech.delivery.DeliveryApplicationTests
08:54:10.063 [main] INFO org.springframework.boot.devtools.restart.RestartApplicationListener -- Restart disabled due to context in which it is running

  .   ____          _            __ _ _
 /\\ / ___'_ __ _ _(_)_ __  __ _ \ \ \ \
( ( )\___ | '_ | '_| | '_ \/ _` | \ \ \ \
 \\/  ___)| |_)| | | | | || (_| |  ) ) ) )
  '  |____| .__|_| |_|_| |_\__, | / / / /
 =========|_|==============|___/=/_/_/_/

 :: Spring Boot ::                (v3.5.5)

2025-09-12T08:54:10.337-03:00  INFO 20396 --- [delivery] [           main] c.d.delivery.DeliveryApplicationTests    : Starting DeliveryApplicationTests using Java 24.0.2 with PID 20396 (started by Catziinx in C:\Users\User\Documents\delivery-api-jacrb)
2025-09-12T08:54:10.338-03:00 DEBUG 20396 --- [delivery] [           main] c.d.delivery.DeliveryApplicationTests    : Running with Spring Boot v3.5.5, Spring v6.2.10
2025-09-12T08:54:10.339-03:00  INFO 20396 --- [delivery] [           main] c.d.delivery.DeliveryApplicationTests    : No active profile set, falling back to 1 default profile: "default"
2025-09-12T08:54:10.368-03:00 DEBUG 20396 --- [delivery] [           main] o.s.w.c.s.GenericWebApplicationContext   : Refreshing org.springframework.web.context.support.GenericWebApplicationContext@4c5204af
2025-09-12T08:54:11.344-03:00  INFO 20396 --- [delivery] [           main] .s.d.r.c.RepositoryConfigurationDelegate : Multiple Spring Data modules found, entering strict repository configuration mode
2025-09-12T08:54:11.346-03:00  INFO 20396 --- [delivery] [           main] .s.d.r.c.RepositoryConfigurationDelegate : Bootstrapping Spring Data JPA repositories in DEFAULT mode.
2025-09-12T08:54:11.489-03:00  INFO 20396 --- [delivery] [           main] .s.d.r.c.RepositoryConfigurationDelegate : Finished Spring Data repository scanning in 135 ms. Found 5 JPA repository interfaces.
2025-09-12T08:54:11.505-03:00  INFO 20396 --- [delivery] [           main] .s.d.r.c.RepositoryConfigurationDelegate : Multiple Spring Data modules found, entering strict repository configuration mode
2025-09-12T08:54:11.506-03:00  INFO 20396 --- [delivery] [           main] .s.d.r.c.RepositoryConfigurationDelegate : Bootstrapping Spring Data Redis repositories in DEFAULT mode.
2025-09-12T08:54:11.521-03:00  INFO 20396 --- [delivery] [           main] .RepositoryConfigurationExtensionSupport : Spring Data Redis - Could not safely identify store assignment for repository candidate interface com.deliverytech.delivery.repository.ClienteRepository; If you want this repository to be a Redis repository, consider annotating your entities with one of these annotations: org.springframework.data.redis.core.RedisHash (preferred), or consider extending one of the following types with your repository: org.springframework.data.keyvalue.repository.KeyValueRepository
2025-09-12T08:54:11.522-03:00  INFO 20396 --- [delivery] [           main] .RepositoryConfigurationExtensionSupport : Spring Data Redis - Could not safely identify store assignment for repository candidate interface com.deliverytech.delivery.repository.PedidoRepository; If you want this repository to be a Redis repository, consider annotating your entities with one of these annotations: org.springframework.data.redis.core.RedisHash (preferred), or consider extending one of the following types with your repository: org.springframework.data.keyvalue.repository.KeyValueRepository
2025-09-12T08:54:11.522-03:00  INFO 20396 --- [delivery] [           main] .RepositoryConfigurationExtensionSupport : Spring Data Redis - Could not safely identify store assignment for repository candidate interface com.deliverytech.delivery.repository.ProdutoRepository; If you want this repository to be a Redis repository, consider annotating your entities with one of these annotations: org.springframework.data.redis.core.RedisHash (preferred), or consider extending one of the following types with your repository: org.springframework.data.keyvalue.repository.KeyValueRepository
2025-09-12T08:54:11.522-03:00  INFO 20396 --- [delivery] [           main] .RepositoryConfigurationExtensionSupport : Spring Data Redis - Could not safely identify store assignment for repository candidate interface com.deliverytech.delivery.repository.RestauranteRepository; If you want this repository to be a Redis repository, consider annotating your entities with one of these annotations: org.springframework.data.redis.core.RedisHash (preferred), or consider extending one of the following types with your repository: org.springframework.data.keyvalue.repository.KeyValueRepository
2025-09-12T08:54:11.522-03:00  INFO 20396 --- [delivery] [           main] .RepositoryConfigurationExtensionSupport : Spring Data Redis - Could not safely identify store assignment for repository candidate interface com.deliverytech.delivery.repository.UsuarioRepository; If you want this repository to be a Redis repository, consider annotating your entities with one of these annotations: org.springframework.data.redis.core.RedisHash (preferred), or consider extending one of the following types with your repository: org.springframework.data.keyvalue.repository.KeyValueRepository
2025-09-12T08:54:11.522-03:00  INFO 20396 --- [delivery] [           main] .s.d.r.c.RepositoryConfigurationDelegate : Finished Spring Data repository scanning in 6 ms. Found 0 Redis repository interfaces.
2025-09-12T08:54:12.004-03:00  INFO 20396 --- [delivery] [           main] o.hibernate.jpa.internal.util.LogHelper  : HHH000204: Processing PersistenceUnitInfo [name: default]
2025-09-12T08:54:12.051-03:00  INFO 20396 --- [delivery] [           main] org.hibernate.Version                    : HHH000412: Hibernate ORM core version 6.6.26.Final
2025-09-12T08:54:12.080-03:00  INFO 20396 --- [delivery] [           main] o.h.c.internal.RegionFactoryInitiator    : HHH000026: Second-level cache disabled
2025-09-12T08:54:12.334-03:00  INFO 20396 --- [delivery] [           main] o.s.o.j.p.SpringPersistenceUnitInfo      : No LoadTimeWeaver setup: ignoring JPA class transformer
2025-09-12T08:54:12.355-03:00  INFO 20396 --- [delivery] [           main] com.zaxxer.hikari.HikariDataSource       : HikariPool-1 - Starting...
2025-09-12T08:54:12.484-03:00  INFO 20396 --- [delivery] [           main] com.zaxxer.hikari.pool.HikariPool        : HikariPool-1 - Added connection conn0: url=jdbc:h2:mem:deliverydb user=SA
2025-09-12T08:54:12.485-03:00  INFO 20396 --- [delivery] [           main] com.zaxxer.hikari.HikariDataSource       : HikariPool-1 - Start completed.
2025-09-12T08:54:12.506-03:00  WARN 20396 --- [delivery] [           main] org.hibernate.orm.deprecation            : HHH90000025: H2Dialect does not need to be specified explicitly using 'hibernate.dialect' (remove the property setting and it will be selected by default)
2025-09-12T08:54:12.525-03:00  INFO 20396 --- [delivery] [           main] org.hibernate.orm.connections.pooling    : HHH10001005: Database info:
	Database JDBC URL [Connecting through datasource 'HikariDataSource (HikariPool-1)']
	Database driver: undefined/unknown
	Database version: 2.3.232
	Autocommit mode: undefined/unknown
	Isolation level: undefined/unknown
	Minimum pool size: undefined/unknown
	Maximum pool size: undefined/unknown
2025-09-12T08:54:13.294-03:00  INFO 20396 --- [delivery] [           main] o.h.e.t.j.p.i.JtaPlatformInitiator       : HHH000489: No JTA platform available (set 'hibernate.transaction.jta.platform' to enable JTA platform integration)
2025-09-12T08:54:13.329-03:00 DEBUG 20396 --- [delivery] [           main] org.hibernate.SQL                        : 
    create table clientes (
        id bigint generated by default as identity,
        ativo boolean,
        data_criacao timestamp(6),
        email varchar(255),
        bairro varchar(255),
        cep varchar(255),
        cidade varchar(255),
        estado varchar(255),
        numero varchar(255),
        observacao varchar(255),
        referencia varchar(255),
        rua varchar(255),
        nome varchar(255),
        primary key (id)
    )
Hibernate: 
    create table clientes (
        id bigint generated by default as identity,
        ativo boolean,
        data_criacao timestamp(6),
        email varchar(255),
        bairro varchar(255),
        cep varchar(255),
        cidade varchar(255),
        estado varchar(255),
        numero varchar(255),
        observacao varchar(255),
        referencia varchar(255),
        rua varchar(255),
        nome varchar(255),
        primary key (id)
    )
2025-09-12T08:54:13.335-03:00 DEBUG 20396 --- [delivery] [           main] org.hibernate.SQL                        : 
    create table item_pedido (
        id bigint generated by default as identity,
        preco_unitario numeric(38,2),
        quantidade integer,
        pedido_id bigint,
        produto_id bigint,
        primary key (id)
    )
Hibernate: 
    create table item_pedido (
        id bigint generated by default as identity,
        preco_unitario numeric(38,2),
        quantidade integer,
        pedido_id bigint,
        produto_id bigint,
        primary key (id)
    )
2025-09-12T08:54:13.337-03:00 DEBUG 20396 --- [delivery] [           main] org.hibernate.SQL                        : 
    create table pedido (
        id bigint generated by default as identity,
        data_pedido timestamp(6),
        bairro varchar(255),
        cep varchar(255),
        cidade varchar(255),
        estado varchar(255),
        numero varchar(255),
        observacao varchar(255),
        referencia varchar(255),
        rua varchar(255),
        status enum ('CANCELADO','CONFIRMADO','CRIADO','EM_PREPARACAO','ENTREGUE','ENVIADO'),
        total numeric(38,2),
        cliente_id bigint,
        restaurante_id bigint,
        primary key (id)
    )
Hibernate: 
    create table pedido (
        id bigint generated by default as identity,
        data_pedido timestamp(6),
        bairro varchar(255),
        cep varchar(255),
        cidade varchar(255),
        estado varchar(255),
        numero varchar(255),
        observacao varchar(255),
        referencia varchar(255),
        rua varchar(255),
        status enum ('CANCELADO','CONFIRMADO','CRIADO','EM_PREPARACAO','ENTREGUE','ENVIADO'),
        total numeric(38,2),
        cliente_id bigint,
        restaurante_id bigint,
        primary key (id)
    )
2025-09-12T08:54:13.338-03:00 DEBUG 20396 --- [delivery] [           main] org.hibernate.SQL                        : 
    create table produto (
        id bigint generated by default as identity,
        categoria varchar(255),
        descricao varchar(255),
        disponivel boolean,
        nome varchar(255),
        preco numeric(38,2),
        restaurante_id bigint,
        primary key (id)
    )
Hibernate: 
    create table produto (
        id bigint generated by default as identity,
        categoria varchar(255),
        descricao varchar(255),
        disponivel boolean,
        nome varchar(255),
        preco numeric(38,2),
        restaurante_id bigint,
        primary key (id)
    )
2025-09-12T08:54:13.338-03:00 DEBUG 20396 --- [delivery] [           main] org.hibernate.SQL                        : 
    create table restaurante (
        id bigint generated by default as identity,
        ativo boolean,
        categoria varchar(255),
        nome varchar(255),
        taxa_entrega numeric(38,2),
        telefone varchar(255),
        tempo_entrega_minutos integer not null,
        primary key (id)
    )
Hibernate: 
    create table restaurante (
        id bigint generated by default as identity,
        ativo boolean,
        categoria varchar(255),
        nome varchar(255),
        taxa_entrega numeric(38,2),
        telefone varchar(255),
        tempo_entrega_minutos integer not null,
        primary key (id)
    )
2025-09-12T08:54:13.339-03:00 DEBUG 20396 --- [delivery] [           main] org.hibernate.SQL                        : 
    create table usuarios (
        id bigint generated by default as identity,
        ativo boolean,
        data_criacao timestamp(6),
        email varchar(255),
        nome varchar(255),
        restaurante_id bigint,
        role enum ('ADMIN','CLIENTE','ENTREGADOR','RESTAURANTE'),
        senha varchar(255),
        primary key (id)
    )
Hibernate: 
    create table usuarios (
        id bigint generated by default as identity,
        ativo boolean,
        data_criacao timestamp(6),
        email varchar(255),
        nome varchar(255),
        restaurante_id bigint,
        role enum ('ADMIN','CLIENTE','ENTREGADOR','RESTAURANTE'),
        senha varchar(255),
        primary key (id)
    )
2025-09-12T08:54:13.341-03:00 DEBUG 20396 --- [delivery] [           main] org.hibernate.SQL                        : 
    alter table if exists clientes 
       drop constraint if exists UK1c96wv36rk2hwui7qhjks3mvg
Hibernate: 
    alter table if exists clientes 
       drop constraint if exists UK1c96wv36rk2hwui7qhjks3mvg
2025-09-12T08:54:13.342-03:00 DEBUG 20396 --- [delivery] [           main] org.hibernate.SQL                        : 
    alter table if exists clientes 
       add constraint UK1c96wv36rk2hwui7qhjks3mvg unique (email)
Hibernate: 
    alter table if exists clientes 
       add constraint UK1c96wv36rk2hwui7qhjks3mvg unique (email)
2025-09-12T08:54:13.343-03:00 DEBUG 20396 --- [delivery] [           main] org.hibernate.SQL                        : 
    alter table if exists usuarios 
       drop constraint if exists UKkfsp0s1tflm1cwlj8idhqsad0
Hibernate: 
    alter table if exists usuarios 
       drop constraint if exists UKkfsp0s1tflm1cwlj8idhqsad0
2025-09-12T08:54:13.343-03:00 DEBUG 20396 --- [delivery] [           main] org.hibernate.SQL                        : 
    alter table if exists usuarios 
       add constraint UKkfsp0s1tflm1cwlj8idhqsad0 unique (email)
Hibernate: 
    alter table if exists usuarios 
       add constraint UKkfsp0s1tflm1cwlj8idhqsad0 unique (email)
2025-09-12T08:54:13.344-03:00 DEBUG 20396 --- [delivery] [           main] org.hibernate.SQL                        : 
    alter table if exists item_pedido 
       add constraint FK60ym08cfoysa17wrn1swyiuda 
       foreign key (pedido_id) 
       references pedido
Hibernate: 
    alter table if exists item_pedido 
       add constraint FK60ym08cfoysa17wrn1swyiuda 
       foreign key (pedido_id) 
       references pedido
2025-09-12T08:54:13.348-03:00 DEBUG 20396 --- [delivery] [           main] org.hibernate.SQL                        : 
    alter table if exists item_pedido 
       add constraint FKtk55mn6d6bvl5h0no5uagi3sf 
       foreign key (produto_id) 
       references produto
Hibernate: 
    alter table if exists item_pedido 
       add constraint FKtk55mn6d6bvl5h0no5uagi3sf 
       foreign key (produto_id) 
       references produto
2025-09-12T08:54:13.349-03:00 DEBUG 20396 --- [delivery] [           main] org.hibernate.SQL                        : 
    alter table if exists pedido 
       add constraint FKdaj89qjvckr7m387qpkvuqw5s 
       foreign key (cliente_id) 
       references clientes
Hibernate: 
    alter table if exists pedido 
       add constraint FKdaj89qjvckr7m387qpkvuqw5s 
       foreign key (cliente_id) 
       references clientes
2025-09-12T08:54:13.350-03:00 DEBUG 20396 --- [delivery] [           main] org.hibernate.SQL                        : 
    alter table if exists pedido 
       add constraint FK3eud5cqmgsnltyk704hu3qj71 
       foreign key (restaurante_id) 
       references restaurante
Hibernate: 
    alter table if exists pedido 
       add constraint FK3eud5cqmgsnltyk704hu3qj71 
       foreign key (restaurante_id) 
       references restaurante
2025-09-12T08:54:13.351-03:00 DEBUG 20396 --- [delivery] [           main] org.hibernate.SQL                        : 
    alter table if exists produto 
       add constraint FKb9jhjyghjcn25guim7q4pt8qx 
       foreign key (restaurante_id) 
       references restaurante
Hibernate: 
    alter table if exists produto 
       add constraint FKb9jhjyghjcn25guim7q4pt8qx 
       foreign key (restaurante_id) 
       references restaurante
2025-09-12T08:54:13.352-03:00  INFO 20396 --- [delivery] [           main] j.LocalContainerEntityManagerFactoryBean : Initialized JPA EntityManagerFactory for persistence unit 'default'
2025-09-12T08:54:14.135-03:00  INFO 20396 --- [delivery] [           main] o.s.b.a.w.s.WelcomePageHandlerMapping    : Adding welcome page: class path resource [static/index.html]
2025-09-12T08:54:14.200-03:00 DEBUG 20396 --- [delivery] [           main] s.w.s.m.m.a.RequestMappingHandlerMapping : 21 mappings in 'requestMappingHandlerMapping'
2025-09-12T08:54:14.319-03:00 DEBUG 20396 --- [delivery] [           main] o.s.w.s.handler.SimpleUrlHandlerMapping  : Patterns [/webjars/**, /**, /swagger-ui*/*swagger-initializer.js, /swagger-ui*/**] in 'resourceHandlerMapping'
2025-09-12T08:54:14.505-03:00  INFO 20396 --- [delivery] [           main] o.s.b.a.e.web.EndpointLinksResolver      : Exposing 13 endpoints beneath base path '/actuator'
2025-09-12T08:54:14.540-03:00  INFO 20396 --- [delivery] [           main] r$InitializeUserDetailsManagerConfigurer : Global AuthenticationManager configured with UserDetailsService bean with name usuarioDetailsServiceImpl
2025-09-12T08:54:14.610-03:00 DEBUG 20396 --- [delivery] [           main] o.s.s.web.DefaultSecurityFilterChain     : Will secure any request with filters: DisableEncodeUrlFilter, WebAsyncManagerIntegrationFilter, SecurityContextHolderFilter, HeaderWriterFilter, LogoutFilter, JWTAuthenticationFilter, RequestCacheAwareFilter, SecurityContextHolderAwareRequestFilter, AnonymousAuthenticationFilter, SessionManagementFilter, ExceptionTranslationFilter, AuthorizationFilter
2025-09-12T08:54:14.731-03:00 DEBUG 20396 --- [delivery] [           main] o.s.web.client.RestTemplate              : HTTP GET https://dev-nnm331zadmfc3wgy.us.auth0.com/.well-known/openid-configuration
2025-09-12T08:54:14.735-03:00 DEBUG 20396 --- [delivery] [           main] o.s.web.client.RestTemplate              : Accept=[application/json, application/yaml, application/*+json]
2025-09-12T08:54:15.542-03:00 DEBUG 20396 --- [delivery] [           main] o.s.web.client.RestTemplate              : Response 200 OK
2025-09-12T08:54:15.543-03:00 DEBUG 20396 --- [delivery] [           main] o.s.web.client.RestTemplate              : Reading to [java.util.Map<java.lang.String, java.lang.Object>]
2025-09-12T08:54:15.579-03:00 DEBUG 20396 --- [delivery] [           main] o.s.web.client.RestTemplate              : HTTP GET https://dev-nnm331zadmfc3wgy.us.auth0.com/.well-known/jwks.json
2025-09-12T08:54:15.579-03:00 DEBUG 20396 --- [delivery] [           main] o.s.web.client.RestTemplate              : Accept=[text/plain, application/json, application/yaml, application/*+json, */*]
2025-09-12T08:54:16.098-03:00 DEBUG 20396 --- [delivery] [           main] o.s.web.client.RestTemplate              : Response 200 OK
2025-09-12T08:54:16.098-03:00 DEBUG 20396 --- [delivery] [           main] o.s.web.client.RestTemplate              : Reading to [java.lang.String] as "application/json;charset=utf-8"
2025-09-12T08:54:16.240-03:00 DEBUG 20396 --- [delivery] [           main] s.w.s.m.m.a.RequestMappingHandlerAdapter : ControllerAdvice beans: 0 @ModelAttribute, 0 @InitBinder, 1 RequestBodyAdvice, 1 ResponseBodyAdvice
2025-09-12T08:54:16.280-03:00  WARN 20396 --- [delivery] [           main] ion$DefaultTemplateResolverConfiguration : Cannot find template location: classpath:/templates/ (please add some templates, check your Thymeleaf configuration, or set spring.thymeleaf.check-template-location=false)
2025-09-12T08:54:16.301-03:00 DEBUG 20396 --- [delivery] [           main] .m.m.a.ExceptionHandlerExceptionResolver : ControllerAdvice beans: 2 @ExceptionHandler, 1 ResponseBodyAdvice
2025-09-12T08:54:16.570-03:00  INFO 20396 --- [delivery] [           main] o.s.b.a.h2.H2ConsoleAutoConfiguration    : H2 console available at '/h2-console'. Database available at 'jdbc:h2:mem:deliverydb'
2025-09-12T08:54:16.646-03:00  INFO 20396 --- [delivery] [           main] c.d.delivery.DeliveryApplicationTests    : Started DeliveryApplicationTests in 6.593 seconds (process running for 7.402)
]]></system-out>
  </testcase>
</testsuite>